<?xml version="1.0" encoding="UTF-8"?>
<!-- Generated by org.testng.reporters.JUnitXMLReporter -->
<testsuite hostname="Nandhinenkatesh" ignored="0" name="Default test" tests="2" failures="0" timestamp="21 Jun 2018 06:53:51 GMT" time="59.136" errors="0">
  <testcase name="loginToAppUsingValidCredentials" time="2.349" classname="com.docTalk.LoggedInUser.LoginUserTest"/>
  <testcase name="printSubscriptionDetailsOfPatient" time="3.153" classname="com.docTalk.LoggedInUser.LoginUserTest"/>
</testsuite> <!-- Default test -->
