<?xml version="1.0" encoding="UTF-8"?>
<!-- Generated by org.testng.reporters.JUnitXMLReporter -->
<testsuite hostname="Nandhini-Venkatesh.local" ignored="0" tests="1" failures="1" timestamp="13 Jun 2018 11:08:20 GMT" time="21.177" errors="0">
  <testcase name="enterValue" time="21.155" classname="DocTalkTest">
    <failure type="java.lang.ClassCastException" message="org.openqa.selenium.remote.RemoteWebDriver cannot be cast to io.appium.java_client.PressesKeyCode">
      <![CDATA[java.lang.ClassCastException: org.openqa.selenium.remote.RemoteWebDriver cannot be cast to io.appium.java_client.PressesKeyCode
	at DocTalkCommon.enterReproName(DocTalkCommon.java:38)
	at DocTalkTest.enterValue(DocTalkTest.java:12)
... Removed 25 stack frames]]>
    </failure>
  </testcase> <!-- enterValue -->
</testsuite>
